<?xml version="1.0" encoding="UTF-8" ?>
<testsuite errors="0" failures="0" hostname="cwk-PC" name="test.hk.ust.cse.TwitterClient.Views.User.UserMenuTest" tests="1" time="1.183" timestamp="2013-04-05T14:47:21">
  <properties>
[...]
</properties>
  <testcase classname="test.hk.ust.cse.TwitterClient.Views.User.UserMenuTest" name="testConstructor" time="1.093" />
  <system-out><![CDATA[]]></system-out>
  <system-err><![CDATA[java.lang.NoSuchMethodException: org.eclipse.swt.widgets.Shell.aaa(org.eclipse.swt.events.MouseEvent)
	at java.lang.Class.getMethod(Class.java:1622)
	at hk.ust.cse.TwitterClient.Views.Basic.ClickableImageLabel$2.mouseDown(ClickableImageLabel.java:48)
	at org.eclipse.swt.widgets.TypedListener.handleEvent(Unknown Source)
	at test.hk.ust.cse.TwitterClient.Views.User.UserMenuTest.testConstructor(UserMenuTest.java:136)
	at sun.reflect.NativeMethodAccessorImpl.invoke0(Native Method)
	at sun.reflect.NativeMethodAccessorImpl.invoke(NativeMethodAccessorImpl.java:57)
	at sun.reflect.DelegatingMethodAccessorImpl.invoke(DelegatingMethodAccessorImpl.java:43)
	at java.lang.reflect.Method.invoke(Method.java:601)
	at org.junit.internal.runners.TestMethod.invoke(TestMethod.java:59)
	at org.junit.internal.runners.MethodRoadie.runTestMethod(MethodRoadie.java:98)
	at org.junit.internal.runners.MethodRoadie$1$1.call(MethodRoadie.java:55)
	at java.util.concurrent.FutureTask$Sync.innerRun(FutureTask.java:334)
	at java.util.concurrent.FutureTask.run(FutureTask.java:166)
	at java.util.concurrent.ThreadPoolExecutor.runWorker(ThreadPoolExecutor.java:1110)
	at java.util.concurrent.ThreadPoolExecutor$Worker.run(ThreadPoolExecutor.java:603)
	at java.lang.Thread.run(Thread.java:722)
]]></system-err>
</testsuite>
